<?xml version="1.0" encoding="UTF-8"?>
<!-- Generated by org.testng.reporters.JUnitReportReporter -->
<testsuite hostname="DESKTOP-LUFK59G" failures="0" tests="1" name="GitSimple.WXYZ" time="0.008" errors="0" timestamp="2023-04-30T12:17:57 IST" skipped="0">
  <testcase classname="GitSimple.WXYZ" name="Test" time="0.008"/>
  <system-out/>
</testsuite> <!-- GitSimple.WXYZ -->
